<?xml version="1.0" encoding="UTF-8" ?>
<testsuite tests="5" failures="0" name="com.tw.battleship.game.PlayerUnitTest" time="0.002" errors="0" skipped="0">
  <properties>
[...]
</properties>
  <testcase classname="com.tw.battleship.game.PlayerUnitTest" name="initialStateShouldBeActiveWithValidTargets" time="0"/>
  <testcase classname="com.tw.battleship.game.PlayerUnitTest" name="gameStateWillBeInProgressUntilOpponentSurrenders" time="0"/>
  <testcase classname="com.tw.battleship.game.PlayerUnitTest" name="initialStateShouldBeActiveWithEmptyTargets" time="0"/>
  <testcase classname="com.tw.battleship.game.PlayerUnitTest" name="gameStateWillBeDrawnWhenBothPlayersAreOutOfMoves" time="0.002"/>
  <testcase classname="com.tw.battleship.game.PlayerUnitTest" name="gameStateWillBeOverWhenOnePlayerWins" time="0"/>
</testsuite>